<?xml version="1.0" encoding="UTF-8"?>
<testng-results skipped="0" failed="1" ignored="2" total="9" passed="6">
  <reporter-output>
  </reporter-output>
  <suite name="Facebook Regression" duration-ms="48521" started-at="2020-06-03T20:38:15 EDT" finished-at="2020-06-03T20:39:04 EDT">
    <groups>
    </groups>
    <test name="Test" duration-ms="48521" started-at="2020-06-03T20:38:15 EDT" finished-at="2020-06-03T20:39:04 EDT">
      <class name="com.testcases.failedTest">
        <test-method status="PASS" signature="setup(java.lang.String, java.lang.String, java.lang.String, java.lang.String)[pri:0, instance:com.testcases.failedTest@646d64ab]" name="setup" is-config="true" duration-ms="4978" started-at="2020-06-03T20:38:58 EDT" finished-at="2020-06-03T20:39:02 EDT">
          <params>
            <param index="0">
              <value>
                <![CDATA[chrome]]>
              </value>
            </param>
            <param index="1">
              <value>
                <![CDATA[C:\\Users\\Kamal\\chromedriver.exe]]>
              </value>
            </param>
            <param index="2">
              <value>
                <![CDATA[C:\\Users\\Kamal\\geckodriver.exe]]>
              </value>
            </param>
            <param index="3">
              <value>
                <![CDATA[https://www.facebook.com/]]>
              </value>
            </param>
          </params>
          <reporter-output>
          </reporter-output>
        </test-method> <!-- setup -->
        <test-method status="FAIL" signature="failTest()[pri:0, instance:com.testcases.failedTest@646d64ab]" name="failTest" duration-ms="3" started-at="2020-06-03T20:39:02 EDT" finished-at="2020-06-03T20:39:02 EDT">
          <exception class="java.lang.AssertionError">
            <message>
              <![CDATA[expected [Logic] but found [Code]]]>
            </message>
            <full-stacktrace>
              <![CDATA[java.lang.AssertionError: expected [Logic] but found [Code]
at org.testng.Assert.fail(Assert.java:97)
at org.testng.Assert.assertEqualsImpl(Assert.java:136)
at org.testng.Assert.assertEquals(Assert.java:118)
at org.testng.Assert.assertEquals(Assert.java:575)
at org.testng.Assert.assertEquals(Assert.java:585)
at com.testcases.failedTest.failTest(failedTest.java:14)
at sun.reflect.NativeMethodAccessorImpl.invoke0(Native Method)
at sun.reflect.NativeMethodAccessorImpl.invoke(Unknown Source)
at sun.reflect.DelegatingMethodAccessorImpl.invoke(Unknown Source)
at java.lang.reflect.Method.invoke(Unknown Source)
at org.testng.internal.MethodInvocationHelper.invokeMethod(MethodInvocationHelper.java:135)
at org.testng.internal.TestInvoker.invokeMethod(TestInvoker.java:598)
at org.testng.internal.TestInvoker.invokeTestMethod(TestInvoker.java:174)
at org.testng.internal.MethodRunner.runInSequence(MethodRunner.java:46)
at org.testng.internal.TestInvoker$MethodInvocationAgent.invoke(TestInvoker.java:821)
at org.testng.internal.TestInvoker.invokeTestMethods(TestInvoker.java:147)
at org.testng.internal.TestMethodWorker.invokeTestMethods(TestMethodWorker.java:146)
at org.testng.internal.TestMethodWorker.run(TestMethodWorker.java:128)
at java.util.ArrayList.forEach(Unknown Source)
at org.testng.TestRunner.privateRun(TestRunner.java:767)
at org.testng.TestRunner.run(TestRunner.java:588)
at org.testng.SuiteRunner.runTest(SuiteRunner.java:384)
at org.testng.SuiteRunner.runSequentially(SuiteRunner.java:378)
at org.testng.SuiteRunner.privateRun(SuiteRunner.java:337)
at org.testng.SuiteRunner.run(SuiteRunner.java:286)
at org.testng.SuiteRunnerWorker.runSuite(SuiteRunnerWorker.java:53)
at org.testng.SuiteRunnerWorker.run(SuiteRunnerWorker.java:96)
at org.testng.TestNG.runSuitesSequentially(TestNG.java:1214)
at org.testng.TestNG.runSuitesLocally(TestNG.java:1136)
at org.testng.TestNG.runSuites(TestNG.java:1066)
at org.testng.TestNG.run(TestNG.java:1034)
at org.testng.remote.AbstractRemoteTestNG.run(AbstractRemoteTestNG.java:115)
at org.testng.remote.RemoteTestNG.initAndRun(RemoteTestNG.java:251)
at org.testng.remote.RemoteTestNG.main(RemoteTestNG.java:77)
]]>
            </full-stacktrace>
          </exception> <!-- java.lang.AssertionError -->
          <reporter-output>
          </reporter-output>
        </test-method> <!-- failTest -->
        <test-method status="PASS" signature="tearSuite(org.testng.ITestResult)[pri:0, instance:com.testcases.failedTest@646d64ab]" name="tearSuite" is-config="true" duration-ms="489" started-at="2020-06-03T20:39:02 EDT" finished-at="2020-06-03T20:39:03 EDT">
          <params>
            <param index="0">
              <value>
                <![CDATA[[TestResult name=failTest status=FAILURE method=failedTest.failTest()[pri:0, instance:com.testcases.failedTest@646d64ab] output={null}]]]>
              </value>
            </param>
          </params>
          <reporter-output>
          </reporter-output>
        </test-method> <!-- tearSuite -->
        <test-method status="PASS" signature="tearDown()[pri:0, instance:com.testcases.failedTest@646d64ab]" name="tearDown" is-config="true" duration-ms="622" started-at="2020-06-03T20:39:03 EDT" finished-at="2020-06-03T20:39:04 EDT">
          <reporter-output>
          </reporter-output>
        </test-method> <!-- tearDown -->
      </class> <!-- com.testcases.failedTest -->
      <class name="com.testcases.loginTest">
        <test-method status="PASS" signature="setup(java.lang.String, java.lang.String, java.lang.String, java.lang.String)[pri:0, instance:com.testcases.loginTest@1b68ddbd]" name="setup" is-config="true" duration-ms="5092" started-at="2020-06-03T20:38:42 EDT" finished-at="2020-06-03T20:38:47 EDT">
          <params>
            <param index="0">
              <value>
                <![CDATA[chrome]]>
              </value>
            </param>
            <param index="1">
              <value>
                <![CDATA[C:\\Users\\Kamal\\chromedriver.exe]]>
              </value>
            </param>
            <param index="2">
              <value>
                <![CDATA[C:\\Users\\Kamal\\geckodriver.exe]]>
              </value>
            </param>
            <param index="3">
              <value>
                <![CDATA[https://www.facebook.com/]]>
              </value>
            </param>
          </params>
          <reporter-output>
          </reporter-output>
        </test-method> <!-- setup -->
        <test-method status="PASS" signature="loginToFacebook()[pri:0, instance:com.testcases.loginTest@1b68ddbd]" name="loginToFacebook" duration-ms="2555" started-at="2020-06-03T20:38:47 EDT" finished-at="2020-06-03T20:38:49 EDT">
          <reporter-output>
          </reporter-output>
        </test-method> <!-- loginToFacebook -->
        <test-method status="PASS" signature="tearSuite(org.testng.ITestResult)[pri:0, instance:com.testcases.loginTest@1b68ddbd]" name="tearSuite" is-config="true" duration-ms="521" started-at="2020-06-03T20:38:49 EDT" finished-at="2020-06-03T20:38:50 EDT">
          <params>
            <param index="0">
              <value>
                <![CDATA[[TestResult name=loginToFacebook status=SUCCESS method=loginTest.loginToFacebook()[pri:0, instance:com.testcases.loginTest@1b68ddbd] output={null}]]]>
              </value>
            </param>
          </params>
          <reporter-output>
          </reporter-output>
        </test-method> <!-- tearSuite -->
        <test-method status="PASS" signature="personalProfile()[pri:1, instance:com.testcases.loginTest@1b68ddbd]" name="personalProfile" duration-ms="6110" started-at="2020-06-03T20:38:50 EDT" finished-at="2020-06-03T20:38:56 EDT">
          <reporter-output>
          </reporter-output>
        </test-method> <!-- personalProfile -->
        <test-method status="PASS" signature="tearSuite(org.testng.ITestResult)[pri:0, instance:com.testcases.loginTest@1b68ddbd]" name="tearSuite" is-config="true" duration-ms="660" started-at="2020-06-03T20:38:56 EDT" finished-at="2020-06-03T20:38:57 EDT">
          <params>
            <param index="0">
              <value>
                <![CDATA[[TestResult name=personalProfile status=SUCCESS method=loginTest.personalProfile()[pri:1, instance:com.testcases.loginTest@1b68ddbd] output={null}]]]>
              </value>
            </param>
          </params>
          <reporter-output>
          </reporter-output>
        </test-method> <!-- tearSuite -->
        <test-method status="PASS" signature="tearDown()[pri:0, instance:com.testcases.loginTest@1b68ddbd]" name="tearDown" is-config="true" duration-ms="726" started-at="2020-06-03T20:38:57 EDT" finished-at="2020-06-03T20:38:57 EDT">
          <reporter-output>
          </reporter-output>
        </test-method> <!-- tearDown -->
      </class> <!-- com.testcases.loginTest -->
      <class name="com.testcases.signUpTest">
        <test-method status="PASS" signature="setupSuite()[pri:0, instance:com.testcases.signUpTest@2d8f65a4]" name="setupSuite" is-config="true" duration-ms="121" started-at="2020-06-03T20:38:15 EDT" finished-at="2020-06-03T20:38:15 EDT">
          <reporter-output>
          </reporter-output>
        </test-method> <!-- setupSuite -->
        <test-method status="PASS" signature="setup(java.lang.String, java.lang.String, java.lang.String, java.lang.String)[pri:0, instance:com.testcases.signUpTest@2d8f65a4]" name="setup" is-config="true" duration-ms="6470" started-at="2020-06-03T20:38:15 EDT" finished-at="2020-06-03T20:38:22 EDT">
          <params>
            <param index="0">
              <value>
                <![CDATA[chrome]]>
              </value>
            </param>
            <param index="1">
              <value>
                <![CDATA[C:\\Users\\Kamal\\chromedriver.exe]]>
              </value>
            </param>
            <param index="2">
              <value>
                <![CDATA[C:\\Users\\Kamal\\geckodriver.exe]]>
              </value>
            </param>
            <param index="3">
              <value>
                <![CDATA[https://www.facebook.com/]]>
              </value>
            </param>
          </params>
          <reporter-output>
          </reporter-output>
        </test-method> <!-- setup -->
        <test-method status="PASS" signature="signUpPageTest(java.lang.String, java.lang.String, java.lang.String, java.lang.String, java.lang.String, java.lang.String, java.lang.String, java.lang.String, java.lang.String)[pri:0, instance:com.testcases.signUpTest@2d8f65a4]" name="signUpPageTest" duration-ms="3604" started-at="2020-06-03T20:38:23 EDT" data-provider="getData" finished-at="2020-06-03T20:38:26 EDT">
          <params>
            <param index="0">
              <value>
                <![CDATA[Abhilasha]]>
              </value>
            </param>
            <param index="1">
              <value>
                <![CDATA[Kapoor]]>
              </value>
            </param>
            <param index="2">
              <value>
                <![CDATA[AbhiKap@hotmail.ca]]>
              </value>
            </param>
            <param index="3">
              <value>
                <![CDATA[AbhiKap@hotmail.ca]]>
              </value>
            </param>
            <param index="4">
              <value>
                <![CDATA[]]>
              </value>
            </param>
            <param index="5">
              <value>
                <![CDATA[Nov]]>
              </value>
            </param>
            <param index="6">
              <value>
                <![CDATA[19]]>
              </value>
            </param>
            <param index="7">
              <value>
                <![CDATA[1991]]>
              </value>
            </param>
            <param index="8">
              <value>
                <![CDATA[Female]]>
              </value>
            </param>
          </params>
          <reporter-output>
          </reporter-output>
        </test-method> <!-- signUpPageTest -->
        <test-method status="PASS" signature="tearSuite(org.testng.ITestResult)[pri:0, instance:com.testcases.signUpTest@2d8f65a4]" name="tearSuite" is-config="true" duration-ms="1651" started-at="2020-06-03T20:38:26 EDT" finished-at="2020-06-03T20:38:28 EDT">
          <params>
            <param index="0">
              <value>
                <![CDATA[[TestResult name=signUpPageTest status=SUCCESS method=signUpTest.signUpPageTest(java.lang.String, java.lang.String, java.lang.String, java.lang.String, java.lang.String, java.lang.String, java.lang.String, java.lang.String, java.lang.String)[pri:0, instance:com.testcases.signUpTest@2d8f65a4] output={null}]]]>
              </value>
            </param>
          </params>
          <reporter-output>
          </reporter-output>
        </test-method> <!-- tearSuite -->
        <test-method status="PASS" signature="signUpPageTest(java.lang.String, java.lang.String, java.lang.String, java.lang.String, java.lang.String, java.lang.String, java.lang.String, java.lang.String, java.lang.String)[pri:0, instance:com.testcases.signUpTest@2d8f65a4]" name="signUpPageTest" duration-ms="3522" started-at="2020-06-03T20:38:28 EDT" data-provider="getData" finished-at="2020-06-03T20:38:31 EDT">
          <params>
            <param index="0">
              <value>
                <![CDATA[Bony]]>
              </value>
            </param>
            <param index="1">
              <value>
                <![CDATA[]]>
              </value>
            </param>
            <param index="2">
              <value>
                <![CDATA[Boni@gmail.com]]>
              </value>
            </param>
            <param index="3">
              <value>
                <![CDATA[Boni@gmail.com]]>
              </value>
            </param>
            <param index="4">
              <value>
                <![CDATA[jhjhjh7]]>
              </value>
            </param>
            <param index="5">
              <value>
                <![CDATA[Mar]]>
              </value>
            </param>
            <param index="6">
              <value>
                <![CDATA[18]]>
              </value>
            </param>
            <param index="7">
              <value>
                <![CDATA[1998]]>
              </value>
            </param>
            <param index="8">
              <value>
                <![CDATA[Male]]>
              </value>
            </param>
          </params>
          <reporter-output>
          </reporter-output>
        </test-method> <!-- signUpPageTest -->
        <test-method status="PASS" signature="tearSuite(org.testng.ITestResult)[pri:0, instance:com.testcases.signUpTest@2d8f65a4]" name="tearSuite" is-config="true" duration-ms="461" started-at="2020-06-03T20:38:31 EDT" finished-at="2020-06-03T20:38:32 EDT">
          <params>
            <param index="0">
              <value>
                <![CDATA[[TestResult name=signUpPageTest status=SUCCESS method=signUpTest.signUpPageTest(java.lang.String, java.lang.String, java.lang.String, java.lang.String, java.lang.String, java.lang.String, java.lang.String, java.lang.String, java.lang.String)[pri:0, instance:com.testcases.signUpTest@2d8f65a4] output={null}]]]>
              </value>
            </param>
          </params>
          <reporter-output>
          </reporter-output>
        </test-method> <!-- tearSuite -->
        <test-method status="PASS" signature="signUpPageTest(java.lang.String, java.lang.String, java.lang.String, java.lang.String, java.lang.String, java.lang.String, java.lang.String, java.lang.String, java.lang.String)[pri:0, instance:com.testcases.signUpTest@2d8f65a4]" name="signUpPageTest" duration-ms="4111" started-at="2020-06-03T20:38:32 EDT" data-provider="getData" finished-at="2020-06-03T20:38:36 EDT">
          <params>
            <param index="0">
              <value>
                <![CDATA[]]>
              </value>
            </param>
            <param index="1">
              <value>
                <![CDATA[Wangru]]>
              </value>
            </param>
            <param index="2">
              <value>
                <![CDATA[susery@yahoo.com]]>
              </value>
            </param>
            <param index="3">
              <value>
                <![CDATA[susery@yahoo.com]]>
              </value>
            </param>
            <param index="4">
              <value>
                <![CDATA[hjjk0077]]>
              </value>
            </param>
            <param index="5">
              <value>
                <![CDATA[Feb]]>
              </value>
            </param>
            <param index="6">
              <value>
                <![CDATA[2]]>
              </value>
            </param>
            <param index="7">
              <value>
                <![CDATA[1995]]>
              </value>
            </param>
            <param index="8">
              <value>
                <![CDATA[Custom]]>
              </value>
            </param>
          </params>
          <reporter-output>
          </reporter-output>
        </test-method> <!-- signUpPageTest -->
        <test-method status="PASS" signature="tearSuite(org.testng.ITestResult)[pri:0, instance:com.testcases.signUpTest@2d8f65a4]" name="tearSuite" is-config="true" duration-ms="504" started-at="2020-06-03T20:38:36 EDT" finished-at="2020-06-03T20:38:36 EDT">
          <params>
            <param index="0">
              <value>
                <![CDATA[[TestResult name=signUpPageTest status=SUCCESS method=signUpTest.signUpPageTest(java.lang.String, java.lang.String, java.lang.String, java.lang.String, java.lang.String, java.lang.String, java.lang.String, java.lang.String, java.lang.String)[pri:0, instance:com.testcases.signUpTest@2d8f65a4] output={null}]]]>
              </value>
            </param>
          </params>
          <reporter-output>
          </reporter-output>
        </test-method> <!-- tearSuite -->
        <test-method status="PASS" signature="signUpPageTest(java.lang.String, java.lang.String, java.lang.String, java.lang.String, java.lang.String, java.lang.String, java.lang.String, java.lang.String, java.lang.String)[pri:0, instance:com.testcases.signUpTest@2d8f65a4]" name="signUpPageTest" duration-ms="4286" started-at="2020-06-03T20:38:36 EDT" data-provider="getData" finished-at="2020-06-03T20:38:41 EDT">
          <params>
            <param index="0">
              <value>
                <![CDATA[Keerat]]>
              </value>
            </param>
            <param index="1">
              <value>
                <![CDATA[Gill]]>
              </value>
            </param>
            <param index="2">
              <value>
                <![CDATA[keeratg@gmail.com]]>
              </value>
            </param>
            <param index="3">
              <value>
                <![CDATA[keeratg@gmail.com]]>
              </value>
            </param>
            <param index="4">
              <value>
                <![CDATA[jhjh9900]]>
              </value>
            </param>
            <param index="5">
              <value>
                <![CDATA[Jan]]>
              </value>
            </param>
            <param index="6">
              <value>
                <![CDATA[9]]>
              </value>
            </param>
            <param index="7">
              <value>
                <![CDATA[1998]]>
              </value>
            </param>
            <param index="8">
              <value>
                <![CDATA[]]>
              </value>
            </param>
          </params>
          <reporter-output>
          </reporter-output>
        </test-method> <!-- signUpPageTest -->
        <test-method status="PASS" signature="tearSuite(org.testng.ITestResult)[pri:0, instance:com.testcases.signUpTest@2d8f65a4]" name="tearSuite" is-config="true" duration-ms="452" started-at="2020-06-03T20:38:41 EDT" finished-at="2020-06-03T20:38:41 EDT">
          <params>
            <param index="0">
              <value>
                <![CDATA[[TestResult name=signUpPageTest status=SUCCESS method=signUpTest.signUpPageTest(java.lang.String, java.lang.String, java.lang.String, java.lang.String, java.lang.String, java.lang.String, java.lang.String, java.lang.String, java.lang.String)[pri:0, instance:com.testcases.signUpTest@2d8f65a4] output={null}]]]>
              </value>
            </param>
          </params>
          <reporter-output>
          </reporter-output>
        </test-method> <!-- tearSuite -->
        <test-method status="PASS" signature="tearDown()[pri:0, instance:com.testcases.signUpTest@2d8f65a4]" name="tearDown" is-config="true" duration-ms="638" started-at="2020-06-03T20:38:41 EDT" finished-at="2020-06-03T20:38:42 EDT">
          <reporter-output>
          </reporter-output>
        </test-method> <!-- tearDown -->
      </class> <!-- com.testcases.signUpTest -->
    </test> <!-- Test -->
  </suite> <!-- Facebook Regression -->
</testng-results>
